

Version:	3.12
CmdLine:	D:\Dru-Github\00121117-uca\TSC_Desafio_00121117\EXE\00121117.exe --l4j-debug
WOW64:		yes
Working dir:	D:\Dru-Github\00121117-uca\TSC_Desafio_00121117\EXE\.
Java min ver:	1.008.000
Java max ver:	
64-bit search:	SOFTWARE\JavaSoft\Java Runtime Environment...
32-bit search:	SOFTWARE\JavaSoft\Java Runtime Environment...
Check:		SOFTWARE\JavaSoft\Java Runtime Environment\1.8
Check launcher:	C:\Program Files (x86)\Java\jre1.8.0_251\bin\javaw.exe (OK)
Match:		1.008.000
Check:		SOFTWARE\JavaSoft\Java Runtime Environment\1.8.0_251
Check launcher:	C:\Program Files (x86)\Java\jre1.8.0_251\bin\javaw.exe (OK)
Match:		1.008.000_251
64-bit search:	SOFTWARE\JavaSoft\Java Development Kit...
32-bit search:	SOFTWARE\JavaSoft\Java Development Kit...
64-bit search:	SOFTWARE\JavaSoft\JRE...
32-bit search:	SOFTWARE\JavaSoft\JRE...
64-bit search:	SOFTWARE\JavaSoft\JDK...
Check:		SOFTWARE\JavaSoft\JDK\14.0.1
Check launcher:	C:\Program Files\Java\jdk-14.0.1\bin\javaw.exe (OK)
Match:		1.014.000_001
Runtime used:	1.014.000_001 (64-bit)
Launcher:	C:\Program Files\Java\jdk-14.0.1\bin\javaw.exe
Launcher args:	--module-path C:\Users\drubi\Downloads\openjfx-11.0.2_windows-x64_bin-sdk\javafx-sdk-11.0.2\lib --add-modules javafx.controls,javafx.fxml --add-exports javafx.graphics/com.sun.javafx.sg.prism=ALL-UNNAMED -jar "D:\Dru-Github\00121117-uca\TSC_Desafio_00121117\EXE\00121117.exe"
Args length:	275/32768 chars
Exit code:	0


Version:	3.12
CmdLine:	D:\Dru-Github\00121117-uca\TSC_Desafio_00121117\EXE\00121117.exe --l4j-debug
WOW64:		yes
Working dir:	D:\Dru-Github\00121117-uca\TSC_Desafio_00121117\EXE\.
Java min ver:	1.008.000
Java max ver:	
64-bit search:	SOFTWARE\JavaSoft\Java Runtime Environment...
32-bit search:	SOFTWARE\JavaSoft\Java Runtime Environment...
Check:		SOFTWARE\JavaSoft\Java Runtime Environment\1.8
Check launcher:	C:\Program Files (x86)\Java\jre1.8.0_251\bin\javaw.exe (OK)
Match:		1.008.000
Check:		SOFTWARE\JavaSoft\Java Runtime Environment\1.8.0_251
Check launcher:	C:\Program Files (x86)\Java\jre1.8.0_251\bin\javaw.exe (OK)
Match:		1.008.000_251
64-bit search:	SOFTWARE\JavaSoft\Java Development Kit...
32-bit search:	SOFTWARE\JavaSoft\Java Development Kit...
64-bit search:	SOFTWARE\JavaSoft\JRE...
32-bit search:	SOFTWARE\JavaSoft\JRE...
64-bit search:	SOFTWARE\JavaSoft\JDK...
Check:		SOFTWARE\JavaSoft\JDK\14.0.1
Check launcher:	C:\Program Files\Java\jdk-14.0.1\bin\javaw.exe (OK)
Match:		1.014.000_001
Runtime used:	1.014.000_001 (64-bit)
Launcher:	C:\Program Files\Java\jdk-14.0.1\bin\javaw.exe
Launcher args:	--module-path D:\Dru-Github\00121117-uca\TSC_Desafio_00121117\EXE\Configuraciones\lib --add-modules javafx.controls,javafx.fxml --add-exports javafx.graphics/com.sun.javafx.sg.prism=ALL-UNNAMED -jar "D:\Dru-Github\00121117-uca\TSC_Desafio_00121117\EXE\00121117.exe"
Args length:	265/32768 chars
Exit code:	0


Version:	3.12
CmdLine:	D:\Dru-Github\00121117-uca\TSC_Desafio_00121117\EXE\00121117.exe --l4j-debug
WOW64:		yes
Working dir:	D:\Dru-Github\00121117-uca\TSC_Desafio_00121117\EXE\.
Java min ver:	1.008.000
Java max ver:	
64-bit search:	SOFTWARE\JavaSoft\Java Runtime Environment...
32-bit search:	SOFTWARE\JavaSoft\Java Runtime Environment...
Check:		SOFTWARE\JavaSoft\Java Runtime Environment\1.8
Check launcher:	C:\Program Files (x86)\Java\jre1.8.0_251\bin\javaw.exe (OK)
Match:		1.008.000
Check:		SOFTWARE\JavaSoft\Java Runtime Environment\1.8.0_251
Check launcher:	C:\Program Files (x86)\Java\jre1.8.0_251\bin\javaw.exe (OK)
Match:		1.008.000_251
64-bit search:	SOFTWARE\JavaSoft\Java Development Kit...
32-bit search:	SOFTWARE\JavaSoft\Java Development Kit...
64-bit search:	SOFTWARE\JavaSoft\JRE...
32-bit search:	SOFTWARE\JavaSoft\JRE...
64-bit search:	SOFTWARE\JavaSoft\JDK...
Check:		SOFTWARE\JavaSoft\JDK\14.0.1
Check launcher:	C:\Program Files\Java\jdk-14.0.1\bin\javaw.exe (OK)
Match:		1.014.000_001
Runtime used:	1.014.000_001 (64-bit)
Launcher:	C:\Program Files\Java\jdk-14.0.1\bin\javaw.exe
Launcher args:	--module-path C:\Users\drubi\Downloads\openjfx-11.0.2_windows-x64_bin-sdk\javafx-sdk-11.0.2\lib --add-modules javafx.controls,javafx.fxml --add-exports javafx.graphics/com.sun.javafx.sg.prism=ALL-UNNAMED -jar "D:\Dru-Github\00121117-uca\TSC_Desafio_00121117\EXE\00121117.exe"
Args length:	275/32768 chars
Exit code:	0


Version:	3.12
CmdLine:	D:\Dru-Github\00121117-uca\TSC_Desafio_00121117\EXE\00121117.exe --l4j-debug
WOW64:		yes
Working dir:	D:\Dru-Github\00121117-uca\TSC_Desafio_00121117\EXE\.
Java min ver:	1.008.000
Java max ver:	
64-bit search:	SOFTWARE\JavaSoft\Java Runtime Environment...
32-bit search:	SOFTWARE\JavaSoft\Java Runtime Environment...
Check:		SOFTWARE\JavaSoft\Java Runtime Environment\1.8
Check launcher:	C:\Program Files (x86)\Java\jre1.8.0_251\bin\javaw.exe (OK)
Match:		1.008.000
Check:		SOFTWARE\JavaSoft\Java Runtime Environment\1.8.0_251
Check launcher:	C:\Program Files (x86)\Java\jre1.8.0_251\bin\javaw.exe (OK)
Match:		1.008.000_251
64-bit search:	SOFTWARE\JavaSoft\Java Development Kit...
32-bit search:	SOFTWARE\JavaSoft\Java Development Kit...
64-bit search:	SOFTWARE\JavaSoft\JRE...
32-bit search:	SOFTWARE\JavaSoft\JRE...
64-bit search:	SOFTWARE\JavaSoft\JDK...
Check:		SOFTWARE\JavaSoft\JDK\14.0.1
Check launcher:	C:\Program Files\Java\jdk-14.0.1\bin\javaw.exe (OK)
Match:		1.014.000_001
Runtime used:	1.014.000_001 (64-bit)
Launcher:	C:\Program Files\Java\jdk-14.0.1\bin\javaw.exe
Launcher args:	--module-path \Configuraciones\javafx-sdk-11.0.2 --add-modules javafx.controls,javafx.fxml --add-exports javafx.graphics/com.sun.javafx.sg.prism=ALL-UNNAMED -jar "D:\Dru-Github\00121117-uca\TSC_Desafio_00121117\EXE\00121117.exe"
Args length:	228/32768 chars
Exit code:	0


Version:	3.12
CmdLine:	D:\Dru-Github\00121117-uca\TSC_Desafio_00121117\EXE\00121117.exe --l4j-debug
WOW64:		yes
Working dir:	D:\Dru-Github\00121117-uca\TSC_Desafio_00121117\EXE\.
Java min ver:	1.008.000
Java max ver:	
64-bit search:	SOFTWARE\JavaSoft\Java Runtime Environment...
32-bit search:	SOFTWARE\JavaSoft\Java Runtime Environment...
Check:		SOFTWARE\JavaSoft\Java Runtime Environment\1.8
Check launcher:	C:\Program Files (x86)\Java\jre1.8.0_251\bin\javaw.exe (OK)
Match:		1.008.000
Check:		SOFTWARE\JavaSoft\Java Runtime Environment\1.8.0_251
Check launcher:	C:\Program Files (x86)\Java\jre1.8.0_251\bin\javaw.exe (OK)
Match:		1.008.000_251
64-bit search:	SOFTWARE\JavaSoft\Java Development Kit...
32-bit search:	SOFTWARE\JavaSoft\Java Development Kit...
64-bit search:	SOFTWARE\JavaSoft\JRE...
32-bit search:	SOFTWARE\JavaSoft\JRE...
64-bit search:	SOFTWARE\JavaSoft\JDK...
Check:		SOFTWARE\JavaSoft\JDK\14.0.1
Check launcher:	C:\Program Files\Java\jdk-14.0.1\bin\javaw.exe (OK)
Match:		1.014.000_001
Runtime used:	1.014.000_001 (64-bit)
Launcher:	C:\Program Files\Java\jdk-14.0.1\bin\javaw.exe
Launcher args:	--module-path \Configuraciones\javafx-sdk-11.0.2 --add-modules javafx.controls,javafx.fxml --add-exports javafx.graphics/com.sun.javafx.sg.prism=ALL-UNNAMED -jar "D:\Dru-Github\00121117-uca\TSC_Desafio_00121117\EXE\00121117.exe"
Args length:	228/32768 chars
Exit code:	0


Version:	3.12
CmdLine:	D:\Dru-Github\00121117-uca\TSC_Desafio_00121117\EXE\00121117.exe --l4j-debug
WOW64:		yes
Working dir:	D:\Dru-Github\00121117-uca\TSC_Desafio_00121117\EXE\.
Java min ver:	1.008.000
Java max ver:	
64-bit search:	SOFTWARE\JavaSoft\Java Runtime Environment...
32-bit search:	SOFTWARE\JavaSoft\Java Runtime Environment...
Check:		SOFTWARE\JavaSoft\Java Runtime Environment\1.8
Check launcher:	C:\Program Files (x86)\Java\jre1.8.0_251\bin\javaw.exe (OK)
Match:		1.008.000
Check:		SOFTWARE\JavaSoft\Java Runtime Environment\1.8.0_251
Check launcher:	C:\Program Files (x86)\Java\jre1.8.0_251\bin\javaw.exe (OK)
Match:		1.008.000_251
64-bit search:	SOFTWARE\JavaSoft\Java Development Kit...
32-bit search:	SOFTWARE\JavaSoft\Java Development Kit...
64-bit search:	SOFTWARE\JavaSoft\JRE...
32-bit search:	SOFTWARE\JavaSoft\JRE...
64-bit search:	SOFTWARE\JavaSoft\JDK...
Check:		SOFTWARE\JavaSoft\JDK\14.0.1
Check launcher:	C:\Program Files\Java\jdk-14.0.1\bin\javaw.exe (OK)
Match:		1.014.000_001
Runtime used:	1.014.000_001 (64-bit)
Launcher:	C:\Program Files\Java\jdk-14.0.1\bin\javaw.exe
Launcher args:	--module-path \Configuraciones\javafx-sdk-11.0.2 --add-modules javafx.controls,javafx.fxml --add-exports javafx.graphics/com.sun.javafx.sg.prism=ALL-UNNAMED -jar "D:\Dru-Github\00121117-uca\TSC_Desafio_00121117\EXE\00121117.exe"
Args length:	228/32768 chars
Exit code:	0


Version:	3.12
CmdLine:	D:\Dru-Github\00121117-uca\TSC_Desafio_00121117\EXE\00121117.exe --l4j-debug
WOW64:		yes
Working dir:	D:\Dru-Github\00121117-uca\TSC_Desafio_00121117\EXE\.
Java min ver:	1.008.000
Java max ver:	
64-bit search:	SOFTWARE\JavaSoft\Java Runtime Environment...
32-bit search:	SOFTWARE\JavaSoft\Java Runtime Environment...
Check:		SOFTWARE\JavaSoft\Java Runtime Environment\1.8
Check launcher:	C:\Program Files (x86)\Java\jre1.8.0_251\bin\javaw.exe (OK)
Match:		1.008.000
Check:		SOFTWARE\JavaSoft\Java Runtime Environment\1.8.0_251
Check launcher:	C:\Program Files (x86)\Java\jre1.8.0_251\bin\javaw.exe (OK)
Match:		1.008.000_251
64-bit search:	SOFTWARE\JavaSoft\Java Development Kit...
32-bit search:	SOFTWARE\JavaSoft\Java Development Kit...
64-bit search:	SOFTWARE\JavaSoft\JRE...
32-bit search:	SOFTWARE\JavaSoft\JRE...
64-bit search:	SOFTWARE\JavaSoft\JDK...
Check:		SOFTWARE\JavaSoft\JDK\14.0.1
Check launcher:	C:\Program Files\Java\jdk-14.0.1\bin\javaw.exe (OK)
Match:		1.014.000_001
Runtime used:	1.014.000_001 (64-bit)
Launcher:	C:\Program Files\Java\jdk-14.0.1\bin\javaw.exe
Launcher args:	--module-path \Configuraciones\javafx-sdk-11.0.2 --add-modules javafx.controls,javafx.fxml --add-exports javafx.graphics/com.sun.javafx.sg.prism=ALL-UNNAMED -jar "D:\Dru-Github\00121117-uca\TSC_Desafio_00121117\EXE\00121117.exe"
Args length:	228/32768 chars
Exit code:	0


Version:	3.12
CmdLine:	D:\Dru-Github\00121117-uca\TSC_Desafio_00121117\EXE\00121117.exe --l4j-debug
WOW64:		yes
Working dir:	D:\Dru-Github\00121117-uca\TSC_Desafio_00121117\EXE\.
Java min ver:	1.008.000
Java max ver:	
64-bit search:	SOFTWARE\JavaSoft\Java Runtime Environment...
32-bit search:	SOFTWARE\JavaSoft\Java Runtime Environment...
Check:		SOFTWARE\JavaSoft\Java Runtime Environment\1.8
Check launcher:	C:\Program Files (x86)\Java\jre1.8.0_251\bin\javaw.exe (OK)
Match:		1.008.000
Check:		SOFTWARE\JavaSoft\Java Runtime Environment\1.8.0_251
Check launcher:	C:\Program Files (x86)\Java\jre1.8.0_251\bin\javaw.exe (OK)
Match:		1.008.000_251
64-bit search:	SOFTWARE\JavaSoft\Java Development Kit...
32-bit search:	SOFTWARE\JavaSoft\Java Development Kit...
64-bit search:	SOFTWARE\JavaSoft\JRE...
32-bit search:	SOFTWARE\JavaSoft\JRE...
64-bit search:	SOFTWARE\JavaSoft\JDK...
Check:		SOFTWARE\JavaSoft\JDK\14.0.1
Check launcher:	C:\Program Files\Java\jdk-14.0.1\bin\javaw.exe (OK)
Match:		1.014.000_001
Runtime used:	1.014.000_001 (64-bit)
Launcher:	C:\Program Files\Java\jdk-14.0.1\bin\javaw.exe
Launcher args:	--module-path .\Configuraciones\javafx-sdk-11.0.2 --add-modules javafx.controls,javafx.fxml --add-exports javafx.graphics/com.sun.javafx.sg.prism=ALL-UNNAMED -jar "D:\Dru-Github\00121117-uca\TSC_Desafio_00121117\EXE\00121117.exe"
Args length:	229/32768 chars
Exit code:	0


Version:	3.12
CmdLine:	D:\Dru-Github\00121117-uca\TSC_Desafio_00121117\EXE\00121117.exe --l4j-debug
WOW64:		yes
Working dir:	D:\Dru-Github\00121117-uca\TSC_Desafio_00121117\EXE\.
Java min ver:	1.008.000
Java max ver:	
64-bit search:	SOFTWARE\JavaSoft\Java Runtime Environment...
32-bit search:	SOFTWARE\JavaSoft\Java Runtime Environment...
Check:		SOFTWARE\JavaSoft\Java Runtime Environment\1.8
Check launcher:	C:\Program Files (x86)\Java\jre1.8.0_251\bin\javaw.exe (OK)
Match:		1.008.000
Check:		SOFTWARE\JavaSoft\Java Runtime Environment\1.8.0_251
Check launcher:	C:\Program Files (x86)\Java\jre1.8.0_251\bin\javaw.exe (OK)
Match:		1.008.000_251
64-bit search:	SOFTWARE\JavaSoft\Java Development Kit...
32-bit search:	SOFTWARE\JavaSoft\Java Development Kit...
64-bit search:	SOFTWARE\JavaSoft\JRE...
32-bit search:	SOFTWARE\JavaSoft\JRE...
64-bit search:	SOFTWARE\JavaSoft\JDK...
Check:		SOFTWARE\JavaSoft\JDK\14.0.1
Check launcher:	C:\Program Files\Java\jdk-14.0.1\bin\javaw.exe (OK)
Match:		1.014.000_001
Runtime used:	1.014.000_001 (64-bit)
Launcher:	C:\Program Files\Java\jdk-14.0.1\bin\javaw.exe
Launcher args:	--module-path .\Configuraciones\javafx-sdk-11.0.2 --add-modules javafx.controls,javafx.fxml --add-exports javafx.graphics/com.sun.javafx.sg.prism=ALL-UNNAMED -jar "D:\Dru-Github\00121117-uca\TSC_Desafio_00121117\EXE\00121117.exe"
Args length:	229/32768 chars
Exit code:	0


Version:	3.12
CmdLine:	D:\Dru-Github\00121117-uca\TSC_Desafio_00121117\EXE\00121117.exe --l4j-debug
WOW64:		yes
Working dir:	D:\Dru-Github\00121117-uca\TSC_Desafio_00121117\EXE\.
Java min ver:	1.008.000
Java max ver:	
64-bit search:	SOFTWARE\JavaSoft\Java Runtime Environment...
32-bit search:	SOFTWARE\JavaSoft\Java Runtime Environment...
Check:		SOFTWARE\JavaSoft\Java Runtime Environment\1.8
Check launcher:	C:\Program Files (x86)\Java\jre1.8.0_251\bin\javaw.exe (OK)
Match:		1.008.000
Check:		SOFTWARE\JavaSoft\Java Runtime Environment\1.8.0_251
Check launcher:	C:\Program Files (x86)\Java\jre1.8.0_251\bin\javaw.exe (OK)
Match:		1.008.000_251
64-bit search:	SOFTWARE\JavaSoft\Java Development Kit...
32-bit search:	SOFTWARE\JavaSoft\Java Development Kit...
64-bit search:	SOFTWARE\JavaSoft\JRE...
32-bit search:	SOFTWARE\JavaSoft\JRE...
64-bit search:	SOFTWARE\JavaSoft\JDK...
Check:		SOFTWARE\JavaSoft\JDK\14.0.1
Check launcher:	C:\Program Files\Java\jdk-14.0.1\bin\javaw.exe (OK)
Match:		1.014.000_001
Runtime used:	1.014.000_001 (64-bit)
Launcher:	C:\Program Files\Java\jdk-14.0.1\bin\javaw.exe
Launcher args:	--module-path \Configuraciones\javafx-sdk-11.0.2\lib --add-modules javafx.controls,javafx.fxml --add-exports javafx.graphics/com.sun.javafx.sg.prism=ALL-UNNAMED -jar "D:\Dru-Github\00121117-uca\TSC_Desafio_00121117\EXE\00121117.exe"
Args length:	232/32768 chars
Exit code:	0


Version:	3.12
CmdLine:	D:\Dru-Github\00121117-uca\TSC_Desafio_00121117\EXE\00121117.exe --l4j-debug
WOW64:		yes
Working dir:	D:\Dru-Github\00121117-uca\TSC_Desafio_00121117\EXE\.
Java min ver:	1.008.000
Java max ver:	
64-bit search:	SOFTWARE\JavaSoft\Java Runtime Environment...
32-bit search:	SOFTWARE\JavaSoft\Java Runtime Environment...
Check:		SOFTWARE\JavaSoft\Java Runtime Environment\1.8
Check launcher:	C:\Program Files (x86)\Java\jre1.8.0_251\bin\javaw.exe (OK)
Match:		1.008.000
Check:		SOFTWARE\JavaSoft\Java Runtime Environment\1.8.0_251
Check launcher:	C:\Program Files (x86)\Java\jre1.8.0_251\bin\javaw.exe (OK)
Match:		1.008.000_251
64-bit search:	SOFTWARE\JavaSoft\Java Development Kit...
32-bit search:	SOFTWARE\JavaSoft\Java Development Kit...
64-bit search:	SOFTWARE\JavaSoft\JRE...
32-bit search:	SOFTWARE\JavaSoft\JRE...
64-bit search:	SOFTWARE\JavaSoft\JDK...
Check:		SOFTWARE\JavaSoft\JDK\14.0.1
Check launcher:	C:\Program Files\Java\jdk-14.0.1\bin\javaw.exe (OK)
Match:		1.014.000_001
Runtime used:	1.014.000_001 (64-bit)
Launcher:	C:\Program Files\Java\jdk-14.0.1\bin\javaw.exe
Launcher args:	--module-path \Configuraciones\javafx-sdk-11.0.2\lib --add-modules javafx.controls,javafx.fxml --add-exports javafx.graphics/com.sun.javafx.sg.prism=ALL-UNNAMED -jar "D:\Dru-Github\00121117-uca\TSC_Desafio_00121117\EXE\00121117.exe"
Args length:	232/32768 chars
Exit code:	0


Version:	3.12
CmdLine:	D:\Dru-Github\00121117-uca\TSC_Desafio_00121117\EXE\00121117.exe --l4j-debug
WOW64:		yes
Working dir:	D:\Dru-Github\00121117-uca\TSC_Desafio_00121117\EXE\.
Java min ver:	1.008.000
Java max ver:	
64-bit search:	SOFTWARE\JavaSoft\Java Runtime Environment...
32-bit search:	SOFTWARE\JavaSoft\Java Runtime Environment...
Check:		SOFTWARE\JavaSoft\Java Runtime Environment\1.8
Check launcher:	C:\Program Files (x86)\Java\jre1.8.0_251\bin\javaw.exe (OK)
Match:		1.008.000
Check:		SOFTWARE\JavaSoft\Java Runtime Environment\1.8.0_251
Check launcher:	C:\Program Files (x86)\Java\jre1.8.0_251\bin\javaw.exe (OK)
Match:		1.008.000_251
64-bit search:	SOFTWARE\JavaSoft\Java Development Kit...
32-bit search:	SOFTWARE\JavaSoft\Java Development Kit...
64-bit search:	SOFTWARE\JavaSoft\JRE...
32-bit search:	SOFTWARE\JavaSoft\JRE...
64-bit search:	SOFTWARE\JavaSoft\JDK...
Check:		SOFTWARE\JavaSoft\JDK\14.0.1
Check launcher:	C:\Program Files\Java\jdk-14.0.1\bin\javaw.exe (OK)
Match:		1.014.000_001
Runtime used:	1.014.000_001 (64-bit)
Substitute:	EXEDIR = D:\Dru-Github\00121117-uca\TSC_Desafio_00121117\EXE
Launcher:	C:\Program Files\Java\jdk-14.0.1\bin\javaw.exe
Launcher args:	--module-path -Dlaunch4j.exedir="D:\Dru-Github\00121117-uca\TSC_Desafio_00121117\EXE" \Configuraciones\javafx-sdk-11.0.2\lib --add-modules javafx.controls,javafx.fxml --add-exports javafx.graphics/com.sun.javafx.sg.prism=ALL-UNNAMED -jar "D:\Dru-Github\00121117-uca\TSC_Desafio_00121117\EXE\00121117.exe"
Args length:	304/32768 chars
Exit code:	0


Version:	3.12
CmdLine:	D:\Dru-Github\00121117-uca\TSC_Desafio_00121117\EXE\00121117.exe --l4j-debug
WOW64:		yes
Working dir:	D:\Dru-Github\00121117-uca\TSC_Desafio_00121117\EXE\.
Java min ver:	1.008.000
Java max ver:	
64-bit search:	SOFTWARE\JavaSoft\Java Runtime Environment...
32-bit search:	SOFTWARE\JavaSoft\Java Runtime Environment...
Check:		SOFTWARE\JavaSoft\Java Runtime Environment\1.8
Check launcher:	C:\Program Files (x86)\Java\jre1.8.0_251\bin\javaw.exe (OK)
Match:		1.008.000
Check:		SOFTWARE\JavaSoft\Java Runtime Environment\1.8.0_251
Check launcher:	C:\Program Files (x86)\Java\jre1.8.0_251\bin\javaw.exe (OK)
Match:		1.008.000_251
64-bit search:	SOFTWARE\JavaSoft\Java Development Kit...
32-bit search:	SOFTWARE\JavaSoft\Java Development Kit...
64-bit search:	SOFTWARE\JavaSoft\JRE...
32-bit search:	SOFTWARE\JavaSoft\JRE...
64-bit search:	SOFTWARE\JavaSoft\JDK...
Check:		SOFTWARE\JavaSoft\JDK\14.0.1
Check launcher:	C:\Program Files\Java\jdk-14.0.1\bin\javaw.exe (OK)
Match:		1.014.000_001
Runtime used:	1.014.000_001 (64-bit)
Substitute:	D:\Dru-Github\00121117-uca\TSC_Desafio_00121117\EXE = 
Launcher:	C:\Program Files\Java\jdk-14.0.1\bin\javaw.exe
Launcher args:	--module-path -Dlaunch4j.exedir="" \Configuraciones\javafx-sdk-11.0.2\lib --add-modules javafx.controls,javafx.fxml --add-exports javafx.graphics/com.sun.javafx.sg.prism=ALL-UNNAMED -jar "D:\Dru-Github\00121117-uca\TSC_Desafio_00121117\EXE\00121117.exe"
Args length:	253/32768 chars
Exit code:	0


Version:	3.12
CmdLine:	D:\Dru-Github\00121117-uca\TSC_Desafio_00121117\EXE\00121117.exe --l4j-debug
WOW64:		yes
Working dir:	D:\Dru-Github\00121117-uca\TSC_Desafio_00121117\EXE\.
Java min ver:	1.008.000
Java max ver:	
64-bit search:	SOFTWARE\JavaSoft\Java Runtime Environment...
32-bit search:	SOFTWARE\JavaSoft\Java Runtime Environment...
Check:		SOFTWARE\JavaSoft\Java Runtime Environment\1.8
Check launcher:	C:\Program Files (x86)\Java\jre1.8.0_251\bin\javaw.exe (OK)
Match:		1.008.000
Check:		SOFTWARE\JavaSoft\Java Runtime Environment\1.8.0_251
Check launcher:	C:\Program Files (x86)\Java\jre1.8.0_251\bin\javaw.exe (OK)
Match:		1.008.000_251
64-bit search:	SOFTWARE\JavaSoft\Java Development Kit...
32-bit search:	SOFTWARE\JavaSoft\Java Development Kit...
64-bit search:	SOFTWARE\JavaSoft\JRE...
32-bit search:	SOFTWARE\JavaSoft\JRE...
64-bit search:	SOFTWARE\JavaSoft\JDK...
Check:		SOFTWARE\JavaSoft\JDK\14.0.1
Check launcher:	C:\Program Files\Java\jdk-14.0.1\bin\javaw.exe (OK)
Match:		1.014.000_001
Runtime used:	1.014.000_001 (64-bit)
Substitute:	EXEDIR = D:\Dru-Github\00121117-uca\TSC_Desafio_00121117\EXE
Launcher:	C:\Program Files\Java\jdk-14.0.1\bin\javaw.exe
Launcher args:	-Dlaunch4j.exedir="D:\Dru-Github\00121117-uca\TSC_Desafio_00121117\EXE" --add-modules javafx.controls,javafx.fxml --add-exports javafx.graphics/com.sun.javafx.sg.prism=ALL-UNNAMED -jar "D:\Dru-Github\00121117-uca\TSC_Desafio_00121117\EXE\00121117.exe"
Args length:	251/32768 chars
Exit code:	0


Version:	3.12
CmdLine:	D:\Dru-Github\00121117-uca\TSC_Desafio_00121117\EXE\00121117.exe --l4j-debug
WOW64:		yes
Working dir:	D:\Dru-Github\00121117-uca\TSC_Desafio_00121117\EXE\.
Java min ver:	1.008.000
Java max ver:	
64-bit search:	SOFTWARE\JavaSoft\Java Runtime Environment...
32-bit search:	SOFTWARE\JavaSoft\Java Runtime Environment...
Check:		SOFTWARE\JavaSoft\Java Runtime Environment\1.8
Check launcher:	C:\Program Files (x86)\Java\jre1.8.0_251\bin\javaw.exe (OK)
Match:		1.008.000
Check:		SOFTWARE\JavaSoft\Java Runtime Environment\1.8.0_251
Check launcher:	C:\Program Files (x86)\Java\jre1.8.0_251\bin\javaw.exe (OK)
Match:		1.008.000_251
64-bit search:	SOFTWARE\JavaSoft\Java Development Kit...
32-bit search:	SOFTWARE\JavaSoft\Java Development Kit...
64-bit search:	SOFTWARE\JavaSoft\JRE...
32-bit search:	SOFTWARE\JavaSoft\JRE...
64-bit search:	SOFTWARE\JavaSoft\JDK...
Check:		SOFTWARE\JavaSoft\JDK\14.0.1
Check launcher:	C:\Program Files\Java\jdk-14.0.1\bin\javaw.exe (OK)
Match:		1.014.000_001
Runtime used:	1.014.000_001 (64-bit)
Substitute:	EXEDIR\Configuraciones = 
Launcher:	C:\Program Files\Java\jdk-14.0.1\bin\javaw.exe
Launcher args:	-Dlaunch4j.exedir="" --add-modules javafx.controls,javafx.fxml --add-exports javafx.graphics/com.sun.javafx.sg.prism=ALL-UNNAMED -jar "D:\Dru-Github\00121117-uca\TSC_Desafio_00121117\EXE\00121117.exe"
Args length:	200/32768 chars
Exit code:	0


Version:	3.12
CmdLine:	D:\Dru-Github\00121117-uca\TSC_Desafio_00121117\EXE\00121117.exe --l4j-debug
WOW64:		yes
Working dir:	D:\Dru-Github\00121117-uca\TSC_Desafio_00121117\EXE\.
Java min ver:	1.008.000
Java max ver:	
64-bit search:	SOFTWARE\JavaSoft\Java Runtime Environment...
32-bit search:	SOFTWARE\JavaSoft\Java Runtime Environment...
Check:		SOFTWARE\JavaSoft\Java Runtime Environment\1.8
Check launcher:	C:\Program Files (x86)\Java\jre1.8.0_251\bin\javaw.exe (OK)
Match:		1.008.000
Check:		SOFTWARE\JavaSoft\Java Runtime Environment\1.8.0_251
Check launcher:	C:\Program Files (x86)\Java\jre1.8.0_251\bin\javaw.exe (OK)
Match:		1.008.000_251
64-bit search:	SOFTWARE\JavaSoft\Java Development Kit...
32-bit search:	SOFTWARE\JavaSoft\Java Development Kit...
64-bit search:	SOFTWARE\JavaSoft\JRE...
32-bit search:	SOFTWARE\JavaSoft\JRE...
64-bit search:	SOFTWARE\JavaSoft\JDK...
Check:		SOFTWARE\JavaSoft\JDK\14.0.1
Check launcher:	C:\Program Files\Java\jdk-14.0.1\bin\javaw.exe (OK)
Match:		1.014.000_001
Runtime used:	1.014.000_001 (64-bit)
Substitute:	EXEDIR\Configuraciones\javafx-sdk-11.0.2\lib = 
Launcher:	C:\Program Files\Java\jdk-14.0.1\bin\javaw.exe
Launcher args:	-Dlaunch4j.exedir="" --add-modules javafx.controls,javafx.fxml --add-exports javafx.graphics/com.sun.javafx.sg.prism=ALL-UNNAMED -jar "D:\Dru-Github\00121117-uca\TSC_Desafio_00121117\EXE\00121117.exe"
Args length:	200/32768 chars
Exit code:	0


Version:	3.12
CmdLine:	D:\Dru-Github\00121117-uca\TSC_Desafio_00121117\EXE\00121117.exe --l4j-debug
WOW64:		yes
Working dir:	D:\Dru-Github\00121117-uca\TSC_Desafio_00121117\EXE\.
Java min ver:	1.008.000
Java max ver:	
64-bit search:	SOFTWARE\JavaSoft\Java Runtime Environment...
32-bit search:	SOFTWARE\JavaSoft\Java Runtime Environment...
Check:		SOFTWARE\JavaSoft\Java Runtime Environment\1.8
Check launcher:	C:\Program Files (x86)\Java\jre1.8.0_251\bin\javaw.exe (OK)
Match:		1.008.000
Check:		SOFTWARE\JavaSoft\Java Runtime Environment\1.8.0_251
Check launcher:	C:\Program Files (x86)\Java\jre1.8.0_251\bin\javaw.exe (OK)
Match:		1.008.000_251
64-bit search:	SOFTWARE\JavaSoft\Java Development Kit...
32-bit search:	SOFTWARE\JavaSoft\Java Development Kit...
64-bit search:	SOFTWARE\JavaSoft\JRE...
32-bit search:	SOFTWARE\JavaSoft\JRE...
64-bit search:	SOFTWARE\JavaSoft\JDK...
Check:		SOFTWARE\JavaSoft\JDK\14.0.1
Check launcher:	C:\Program Files\Java\jdk-14.0.1\bin\javaw.exe (OK)
Match:		1.014.000_001
Runtime used:	1.014.000_001 (64-bit)
Substitute:	EXEDIR\Configuraciones\javafx-sdk-11.0.2\lib = 
Launcher:	C:\Program Files\Java\jdk-14.0.1\bin\javaw.exe
Launcher args:	-Dlaunch4j.exedir="" --add-modules javafx.controls,javafx.fxml --add-exports javafx.graphics/com.sun.javafx.sg.prism=ALL-UNNAMED -jar "D:\Dru-Github\00121117-uca\TSC_Desafio_00121117\EXE\00121117.exe"
Args length:	200/32768 chars
Exit code:	0


Version:	3.12
CmdLine:	D:\Dru-Github\00121117-uca\TSC_Desafio_00121117\EXE\00121117.exe --l4j-debug
WOW64:		yes
Working dir:	D:\Dru-Github\00121117-uca\TSC_Desafio_00121117\EXE\.
Java min ver:	1.008.000
Java max ver:	
64-bit search:	SOFTWARE\JavaSoft\Java Runtime Environment...
32-bit search:	SOFTWARE\JavaSoft\Java Runtime Environment...
Check:		SOFTWARE\JavaSoft\Java Runtime Environment\1.8
Check launcher:	C:\Program Files (x86)\Java\jre1.8.0_251\bin\javaw.exe (OK)
Match:		1.008.000
Check:		SOFTWARE\JavaSoft\Java Runtime Environment\1.8.0_251
Check launcher:	C:\Program Files (x86)\Java\jre1.8.0_251\bin\javaw.exe (OK)
Match:		1.008.000_251
64-bit search:	SOFTWARE\JavaSoft\Java Development Kit...
32-bit search:	SOFTWARE\JavaSoft\Java Development Kit...
64-bit search:	SOFTWARE\JavaSoft\JRE...
32-bit search:	SOFTWARE\JavaSoft\JRE...
64-bit search:	SOFTWARE\JavaSoft\JDK...
Check:		SOFTWARE\JavaSoft\JDK\14.0.1
Check launcher:	C:\Program Files\Java\jdk-14.0.1\bin\javaw.exe (OK)
Match:		1.014.000_001
Runtime used:	1.014.000_001 (64-bit)
Substitute:	EXEDIR\Configuraciones\javafx-sdk-11.0.2\lib = 
Launcher:	C:\Program Files\Java\jdk-14.0.1\bin\javaw.exe
Launcher args:	--module-path -Dlaunch4j.exedir="" --add-modules javafx.controls,javafx.fxml --add-exports javafx.graphics/com.sun.javafx.sg.prism=ALL-UNNAMED -jar "D:\Dru-Github\00121117-uca\TSC_Desafio_00121117\EXE\00121117.exe"
Args length:	214/32768 chars
Exit code:	0


Version:	3.12
CmdLine:	D:\Dru-Github\00121117-uca\TSC_Desafio_00121117\EXE\00121117.exe --l4j-debug
WOW64:		yes
Working dir:	D:\Dru-Github\00121117-uca\TSC_Desafio_00121117\EXE\.
Java min ver:	1.008.000
Java max ver:	
64-bit search:	SOFTWARE\JavaSoft\Java Runtime Environment...
32-bit search:	SOFTWARE\JavaSoft\Java Runtime Environment...
Check:		SOFTWARE\JavaSoft\Java Runtime Environment\1.8
Check launcher:	C:\Program Files (x86)\Java\jre1.8.0_251\bin\javaw.exe (OK)
Match:		1.008.000
Check:		SOFTWARE\JavaSoft\Java Runtime Environment\1.8.0_251
Check launcher:	C:\Program Files (x86)\Java\jre1.8.0_251\bin\javaw.exe (OK)
Match:		1.008.000_251
64-bit search:	SOFTWARE\JavaSoft\Java Development Kit...
32-bit search:	SOFTWARE\JavaSoft\Java Development Kit...
64-bit search:	SOFTWARE\JavaSoft\JRE...
32-bit search:	SOFTWARE\JavaSoft\JRE...
64-bit search:	SOFTWARE\JavaSoft\JDK...
Check:		SOFTWARE\JavaSoft\JDK\14.0.1
Check launcher:	C:\Program Files\Java\jdk-14.0.1\bin\javaw.exe (OK)
Match:		1.014.000_001
Runtime used:	1.014.000_001 (64-bit)
Substitute:	EXEDIR\Configuraciones\javafx-sdk-11.0.2\lib = 
Launcher:	C:\Program Files\Java\jdk-14.0.1\bin\javaw.exe
Launcher args:	--module-path "" --add-modules javafx.controls,javafx.fxml --add-exports javafx.graphics/com.sun.javafx.sg.prism=ALL-UNNAMED -jar "D:\Dru-Github\00121117-uca\TSC_Desafio_00121117\EXE\00121117.exe"
Args length:	196/32768 chars
Exit code:	0


Version:	3.12
CmdLine:	D:\Dru-Github\00121117-uca\TSC_Desafio_00121117\EXE\00121117.exe --l4j-debug
WOW64:		yes
Working dir:	D:\Dru-Github\00121117-uca\TSC_Desafio_00121117\EXE\.
Java min ver:	1.008.000
Java max ver:	
64-bit search:	SOFTWARE\JavaSoft\Java Runtime Environment...
32-bit search:	SOFTWARE\JavaSoft\Java Runtime Environment...
Check:		SOFTWARE\JavaSoft\Java Runtime Environment\1.8
Check launcher:	C:\Program Files (x86)\Java\jre1.8.0_251\bin\javaw.exe (OK)
Match:		1.008.000
Check:		SOFTWARE\JavaSoft\Java Runtime Environment\1.8.0_251
Check launcher:	C:\Program Files (x86)\Java\jre1.8.0_251\bin\javaw.exe (OK)
Match:		1.008.000_251
64-bit search:	SOFTWARE\JavaSoft\Java Development Kit...
32-bit search:	SOFTWARE\JavaSoft\Java Development Kit...
64-bit search:	SOFTWARE\JavaSoft\JRE...
32-bit search:	SOFTWARE\JavaSoft\JRE...
64-bit search:	SOFTWARE\JavaSoft\JDK...
Check:		SOFTWARE\JavaSoft\JDK\14.0.1
Check launcher:	C:\Program Files\Java\jdk-14.0.1\bin\javaw.exe (OK)
Match:		1.014.000_001
Runtime used:	1.014.000_001 (64-bit)
Substitute:	EXEDIR\Configuraciones\javafx-sdk-11.0.2\lib = 
Launcher:	C:\Program Files\Java\jdk-14.0.1\bin\javaw.exe
Launcher args:	--module-path -Dlaunch4j.exedir="" --add-modules javafx.controls,javafx.fxml --add-exports javafx.graphics/com.sun.javafx.sg.prism=ALL-UNNAMED -jar "D:\Dru-Github\00121117-uca\TSC_Desafio_00121117\EXE\00121117.exe"
Args length:	214/32768 chars
Exit code:	0


Version:	3.12
CmdLine:	D:\Dru-Github\00121117-uca\TSC_Desafio_00121117\EXE\00121117.exe --l4j-debug
WOW64:		yes
Working dir:	D:\Dru-Github\00121117-uca\TSC_Desafio_00121117\EXE\.
Java min ver:	1.008.000
Java max ver:	
64-bit search:	SOFTWARE\JavaSoft\Java Runtime Environment...
32-bit search:	SOFTWARE\JavaSoft\Java Runtime Environment...
Check:		SOFTWARE\JavaSoft\Java Runtime Environment\1.8
Check launcher:	C:\Program Files (x86)\Java\jre1.8.0_251\bin\javaw.exe (OK)
Match:		1.008.000
Check:		SOFTWARE\JavaSoft\Java Runtime Environment\1.8.0_251
Check launcher:	C:\Program Files (x86)\Java\jre1.8.0_251\bin\javaw.exe (OK)
Match:		1.008.000_251
64-bit search:	SOFTWARE\JavaSoft\Java Development Kit...
32-bit search:	SOFTWARE\JavaSoft\Java Development Kit...
64-bit search:	SOFTWARE\JavaSoft\JRE...
32-bit search:	SOFTWARE\JavaSoft\JRE...
64-bit search:	SOFTWARE\JavaSoft\JDK...
Check:		SOFTWARE\JavaSoft\JDK\14.0.1
Check launcher:	C:\Program Files\Java\jdk-14.0.1\bin\javaw.exe (OK)
Match:		1.014.000_001
Runtime used:	1.014.000_001 (64-bit)
Launcher:	C:\Program Files\Java\jdk-14.0.1\bin\javaw.exe
Launcher args:	--module-path "{app}\Configuraciones\javafx-sdk-11.0.2\lib" --add-modules javafx.controls,javafx.fxml --add-exports javafx.graphics/com.sun.javafx.sg.prism=ALL-UNNAMED -jar "D:\Dru-Github\00121117-uca\TSC_Desafio_00121117\EXE\00121117.exe"
Args length:	239/32768 chars
Exit code:	0


Version:	3.12
CmdLine:	D:\Dru-Github\00121117-uca\TSC_Desafio_00121117\EXE\00121117.exe --l4j-debug
WOW64:		yes
Working dir:	D:\Dru-Github\00121117-uca\TSC_Desafio_00121117\EXE\.
Java min ver:	1.008.000
Java max ver:	
64-bit search:	SOFTWARE\JavaSoft\Java Runtime Environment...
32-bit search:	SOFTWARE\JavaSoft\Java Runtime Environment...
Check:		SOFTWARE\JavaSoft\Java Runtime Environment\1.8
Check launcher:	C:\Program Files (x86)\Java\jre1.8.0_251\bin\javaw.exe (OK)
Match:		1.008.000
Check:		SOFTWARE\JavaSoft\Java Runtime Environment\1.8.0_251
Check launcher:	C:\Program Files (x86)\Java\jre1.8.0_251\bin\javaw.exe (OK)
Match:		1.008.000_251
64-bit search:	SOFTWARE\JavaSoft\Java Development Kit...
32-bit search:	SOFTWARE\JavaSoft\Java Development Kit...
64-bit search:	SOFTWARE\JavaSoft\JRE...
32-bit search:	SOFTWARE\JavaSoft\JRE...
64-bit search:	SOFTWARE\JavaSoft\JDK...
Check:		SOFTWARE\JavaSoft\JDK\14.0.1
Check launcher:	C:\Program Files\Java\jdk-14.0.1\bin\javaw.exe (OK)
Match:		1.014.000_001
Runtime used:	1.014.000_001 (64-bit)
Substitute:	EXEDIR = D:\Dru-Github\00121117-uca\TSC_Desafio_00121117\EXE
Launcher:	C:\Program Files\Java\jdk-14.0.1\bin\javaw.exe
Launcher args:	-Djna.library.path="D:\Dru-Github\00121117-uca\TSC_Desafio_00121117\EXE\Configuraciones\javafx-sdk-11.0.2\lib" --add-modules javafx.controls,javafx.fxml --add-exports javafx.graphics/com.sun.javafx.sg.prism=ALL-UNNAMED -jar "D:\Dru-Github\00121117-uca\TSC_Desafio_00121117\EXE\00121117.exe"
Args length:	290/32768 chars
Exit code:	0


Version:	3.12
CmdLine:	D:\Dru-Github\00121117-uca\TSC_Desafio_00121117\EXE\00121117.exe --l4j-debug
WOW64:		yes
Working dir:	D:\Dru-Github\00121117-uca\TSC_Desafio_00121117\EXE\.
Java min ver:	1.008.000
Java max ver:	
64-bit search:	SOFTWARE\JavaSoft\Java Runtime Environment...
32-bit search:	SOFTWARE\JavaSoft\Java Runtime Environment...
Check:		SOFTWARE\JavaSoft\Java Runtime Environment\1.8
Check launcher:	C:\Program Files (x86)\Java\jre1.8.0_251\bin\javaw.exe (OK)
Match:		1.008.000
Check:		SOFTWARE\JavaSoft\Java Runtime Environment\1.8.0_251
Check launcher:	C:\Program Files (x86)\Java\jre1.8.0_251\bin\javaw.exe (OK)
Match:		1.008.000_251
64-bit search:	SOFTWARE\JavaSoft\Java Development Kit...
32-bit search:	SOFTWARE\JavaSoft\Java Development Kit...
64-bit search:	SOFTWARE\JavaSoft\JRE...
32-bit search:	SOFTWARE\JavaSoft\JRE...
64-bit search:	SOFTWARE\JavaSoft\JDK...
Check:		SOFTWARE\JavaSoft\JDK\14.0.1
Check launcher:	C:\Program Files\Java\jdk-14.0.1\bin\javaw.exe (OK)
Match:		1.014.000_001
Runtime used:	1.014.000_001 (64-bit)
Substitute:	EXEDIR = D:\Dru-Github\00121117-uca\TSC_Desafio_00121117\EXE
Launcher:	C:\Program Files\Java\jdk-14.0.1\bin\javaw.exe
Launcher args:	-Djna.library.path="D:\Dru-Github\00121117-uca\TSC_Desafio_00121117\EXE"+"\Configuraciones\javafx-sdk-11.0.2\lib" --add-modules javafx.controls,javafx.fxml --add-exports javafx.graphics/com.sun.javafx.sg.prism=ALL-UNNAMED -jar "D:\Dru-Github\00121117-uca\TSC_Desafio_00121117\EXE\00121117.exe"
Args length:	293/32768 chars
Exit code:	0


Version:	3.12
CmdLine:	D:\Dru-Github\00121117-uca\TSC_Desafio_00121117\EXE\00121117.exe --l4j-debug
WOW64:		yes
Working dir:	D:\Dru-Github\00121117-uca\TSC_Desafio_00121117\EXE\.
Java min ver:	1.008.000
Java max ver:	
64-bit search:	SOFTWARE\JavaSoft\Java Runtime Environment...
32-bit search:	SOFTWARE\JavaSoft\Java Runtime Environment...
Check:		SOFTWARE\JavaSoft\Java Runtime Environment\1.8
Check launcher:	C:\Program Files (x86)\Java\jre1.8.0_251\bin\javaw.exe (OK)
Match:		1.008.000
Check:		SOFTWARE\JavaSoft\Java Runtime Environment\1.8.0_251
Check launcher:	C:\Program Files (x86)\Java\jre1.8.0_251\bin\javaw.exe (OK)
Match:		1.008.000_251
64-bit search:	SOFTWARE\JavaSoft\Java Development Kit...
32-bit search:	SOFTWARE\JavaSoft\Java Development Kit...
64-bit search:	SOFTWARE\JavaSoft\JRE...
32-bit search:	SOFTWARE\JavaSoft\JRE...
64-bit search:	SOFTWARE\JavaSoft\JDK...
Check:		SOFTWARE\JavaSoft\JDK\14.0.1
Check launcher:	C:\Program Files\Java\jdk-14.0.1\bin\javaw.exe (OK)
Match:		1.014.000_001
Runtime used:	1.014.000_001 (64-bit)
Substitute:	EXEDIR = D:\Dru-Github\00121117-uca\TSC_Desafio_00121117\EXE
Launcher:	C:\Program Files\Java\jdk-14.0.1\bin\javaw.exe
Launcher args:	--module-path -Dlaunch4j.exedir="D:\Dru-Github\00121117-uca\TSC_Desafio_00121117\EXE"\Configuraciones\javafx-sdk-11.0.2\lib  --add-modules javafx.controls,javafx.fxml --add-exports javafx.graphics/com.sun.javafx.sg.prism=ALL-UNNAMED -jar "D:\Dru-Github\00121117-uca\TSC_Desafio_00121117\EXE\00121117.exe"
Args length:	304/32768 chars
Exit code:	0


Version:	3.12
CmdLine:	D:\Dru-Github\00121117-uca\TSC_Desafio_00121117\EXE\00121117.exe --l4j-debug
WOW64:		yes
Working dir:	D:\Dru-Github\00121117-uca\TSC_Desafio_00121117\EXE\.
Java min ver:	1.008.000
Java max ver:	
64-bit search:	SOFTWARE\JavaSoft\Java Runtime Environment...
32-bit search:	SOFTWARE\JavaSoft\Java Runtime Environment...
Check:		SOFTWARE\JavaSoft\Java Runtime Environment\1.8
Check launcher:	C:\Program Files (x86)\Java\jre1.8.0_251\bin\javaw.exe (OK)
Match:		1.008.000
Check:		SOFTWARE\JavaSoft\Java Runtime Environment\1.8.0_251
Check launcher:	C:\Program Files (x86)\Java\jre1.8.0_251\bin\javaw.exe (OK)
Match:		1.008.000_251
64-bit search:	SOFTWARE\JavaSoft\Java Development Kit...
32-bit search:	SOFTWARE\JavaSoft\Java Development Kit...
64-bit search:	SOFTWARE\JavaSoft\JRE...
32-bit search:	SOFTWARE\JavaSoft\JRE...
64-bit search:	SOFTWARE\JavaSoft\JDK...
Check:		SOFTWARE\JavaSoft\JDK\14.0.1
Check launcher:	C:\Program Files\Java\jdk-14.0.1\bin\javaw.exe (OK)
Match:		1.014.000_001
Runtime used:	1.014.000_001 (64-bit)
Substitute:	EXEDIR = D:\Dru-Github\00121117-uca\TSC_Desafio_00121117\EXE
Launcher:	C:\Program Files\Java\jdk-14.0.1\bin\javaw.exe
Launcher args:	<jre><opt>--module-path</opt><opt>D:\Dru-Github\00121117-uca\TSC_Desafio_00121117\EXE/Configuraciones\javafx-sdk-11.0.2\lib</opt></jre> -jar "D:\Dru-Github\00121117-uca\TSC_Desafio_00121117\EXE\00121117.exe"
Args length:	207/32768 chars
Exit code:	0


Version:	3.12
CmdLine:	D:\Dru-Github\00121117-uca\TSC_Desafio_00121117\EXE\00121117.exe --l4j-debug
WOW64:		yes
Working dir:	D:\Dru-Github\00121117-uca\TSC_Desafio_00121117\EXE\.
Java min ver:	1.008.000
Java max ver:	
64-bit search:	SOFTWARE\JavaSoft\Java Runtime Environment...
32-bit search:	SOFTWARE\JavaSoft\Java Runtime Environment...
Check:		SOFTWARE\JavaSoft\Java Runtime Environment\1.8
Check launcher:	C:\Program Files (x86)\Java\jre1.8.0_251\bin\javaw.exe (OK)
Match:		1.008.000
Check:		SOFTWARE\JavaSoft\Java Runtime Environment\1.8.0_251
Check launcher:	C:\Program Files (x86)\Java\jre1.8.0_251\bin\javaw.exe (OK)
Match:		1.008.000_251
64-bit search:	SOFTWARE\JavaSoft\Java Development Kit...
32-bit search:	SOFTWARE\JavaSoft\Java Development Kit...
64-bit search:	SOFTWARE\JavaSoft\JRE...
32-bit search:	SOFTWARE\JavaSoft\JRE...
64-bit search:	SOFTWARE\JavaSoft\JDK...
Check:		SOFTWARE\JavaSoft\JDK\14.0.1
Check launcher:	C:\Program Files\Java\jdk-14.0.1\bin\javaw.exe (OK)
Match:		1.014.000_001
Runtime used:	1.014.000_001 (64-bit)
Substitute:	EXEDIR = D:\Dru-Github\00121117-uca\TSC_Desafio_00121117\EXE
Launcher:	C:\Program Files\Java\jdk-14.0.1\bin\javaw.exe
Launcher args:	<jre><opt>--module-path</opt><opt>D:\Dru-Github\00121117-uca\TSC_Desafio_00121117\EXE/Configuraciones\javafx-sdk-11.0.2\lib  --add-modules javafx.controls,javafx.fxml --add-exports javafx.graphics/com.sun.javafx.sg.prism=ALL-UNNAMED</opt></jre> -jar "D:\Dru-Github\00121117-uca\TSC_Desafio_00121117\EXE\00121117.exe"
Args length:	316/32768 chars
Exit code:	0


Version:	3.12
CmdLine:	D:\Dru-Github\00121117-uca\TSC_Desafio_00121117\EXE\00121117.exe --l4j-debug
WOW64:		yes
Working dir:	D:\Dru-Github\00121117-uca\TSC_Desafio_00121117\EXE\.
Java min ver:	1.008.000
Java max ver:	
64-bit search:	SOFTWARE\JavaSoft\Java Runtime Environment...
32-bit search:	SOFTWARE\JavaSoft\Java Runtime Environment...
Check:		SOFTWARE\JavaSoft\Java Runtime Environment\1.8
Check launcher:	C:\Program Files (x86)\Java\jre1.8.0_251\bin\javaw.exe (OK)
Match:		1.008.000
Check:		SOFTWARE\JavaSoft\Java Runtime Environment\1.8.0_251
Check launcher:	C:\Program Files (x86)\Java\jre1.8.0_251\bin\javaw.exe (OK)
Match:		1.008.000_251
64-bit search:	SOFTWARE\JavaSoft\Java Development Kit...
32-bit search:	SOFTWARE\JavaSoft\Java Development Kit...
64-bit search:	SOFTWARE\JavaSoft\JRE...
32-bit search:	SOFTWARE\JavaSoft\JRE...
64-bit search:	SOFTWARE\JavaSoft\JDK...
Check:		SOFTWARE\JavaSoft\JDK\14.0.1
Check launcher:	C:\Program Files\Java\jdk-14.0.1\bin\javaw.exe (OK)
Match:		1.014.000_001
Runtime used:	1.014.000_001 (64-bit)
Substitute:	EXEDIR = D:\Dru-Github\00121117-uca\TSC_Desafio_00121117\EXE
Launcher:	C:\Program Files\Java\jdk-14.0.1\bin\javaw.exe
Launcher args:	--module-path	D:\Dru-Github\00121117-uca\TSC_Desafio_00121117\EXE/Configuraciones\javafx-sdk-11.0.2\lib  --add-modules javafx.controls,javafx.fxml --add-exports javafx.graphics/com.sun.javafx.sg.prism=ALL-UNNAMED -jar "D:\Dru-Github\00121117-uca\TSC_Desafio_00121117\EXE\00121117.exe"
Args length:	284/32768 chars
Exit code:	0


Version:	3.12
CmdLine:	D:\Dru-Github\00121117-uca\TSC_Desafio_00121117\EXE\00121117.exe --l4j-debug
WOW64:		yes
Working dir:	D:\Dru-Github\00121117-uca\TSC_Desafio_00121117\EXE\.
Java min ver:	1.008.000
Java max ver:	
64-bit search:	SOFTWARE\JavaSoft\Java Runtime Environment...
32-bit search:	SOFTWARE\JavaSoft\Java Runtime Environment...
Check:		SOFTWARE\JavaSoft\Java Runtime Environment\1.8
Check launcher:	C:\Program Files (x86)\Java\jre1.8.0_251\bin\javaw.exe (OK)
Match:		1.008.000
Check:		SOFTWARE\JavaSoft\Java Runtime Environment\1.8.0_251
Check launcher:	C:\Program Files (x86)\Java\jre1.8.0_251\bin\javaw.exe (OK)
Match:		1.008.000_251
64-bit search:	SOFTWARE\JavaSoft\Java Development Kit...
32-bit search:	SOFTWARE\JavaSoft\Java Development Kit...
64-bit search:	SOFTWARE\JavaSoft\JRE...
32-bit search:	SOFTWARE\JavaSoft\JRE...
64-bit search:	SOFTWARE\JavaSoft\JDK...
Check:		SOFTWARE\JavaSoft\JDK\14.0.1
Check launcher:	C:\Program Files\Java\jdk-14.0.1\bin\javaw.exe (OK)
Match:		1.014.000_001
Runtime used:	1.014.000_001 (64-bit)
Substitute:	EXEDIR = D:\Dru-Github\00121117-uca\TSC_Desafio_00121117\EXE
Launcher:	C:\Program Files\Java\jdk-14.0.1\bin\javaw.exe
Launcher args:	--module-path	D:\Dru-Github\00121117-uca\TSC_Desafio_00121117\EXE/Configuraciones\javafx-sdk-11.0.2\lib  --add-modules javafx.controls,javafx.fxml --add-exports javafx.graphics/com.sun.javafx.sg.prism=ALL-UNNAMED -jar "D:\Dru-Github\00121117-uca\TSC_Desafio_00121117\EXE\00121117.exe"
Args length:	284/32768 chars
Exit code:	0
